#
# A fatal error has been detected by the Java Runtime Environment:
#
#  EXCEPTION_STACK_OVERFLOW (0xc00000fd) at pc=0x000000006cfccd66, pid=1636, tid=7680
#
# JRE version: Java(TM) SE Runtime Environment (8.0_66-b18) (build 1.8.0_66-b18)
# Java VM: Java HotSpot(TM) 64-Bit Server VM (25.66-b18 mixed mode windows-amd64 compressed oops)
# Problematic frame:
# C  [libFileCutUtil.dll+0xcd66]
#
# Failed to write core dump. Minidumps are not enabled by default on client versions of Windows
#
# If you would like to submit a bug report, please visit:
#   http://bugreport.java.com/bugreport/crash.jsp
# The crash happened outside the Java Virtual Machine in native code.
# See problematic frame for where to report the bug.
#

---------------  T H R E A D  ---------------

Current thread (0x000000001d2ff800):  JavaThread "qtp327853004-29" [_thread_in_native, id=7680, stack(0x000000001f030000,0x000000001f130000)]

siginfo: ExceptionCode=0xc00000fd, ExceptionInformation=0x0000000000000001 0x000000001f030d80 

Registers:
RAX=0x0000000000003d90, RBX=0x000000001de47b50, RCX=0x000000001f030d80, RDX=0x000000001f12ccc0
RSP=0x000000001f12cd68, RBP=0x000000001f12ce00, RSI=0x0000000000003316, RDI=0x0000000000000000
R8 =0x000000000007f6c0, R9 =0x0000000000000200, R10=0x00007ff8b8120000, R11=0x0000000000000000
R12=0x000000000000065f, R13=0x000000001de47b70, R14=0x000000001f12cd80, R15=0x0000000000000000
RIP=0x000000006cfccd66, EFLAGS=0x0000000000010202

Top of Stack: (sp=0x000000001f12cd68)
0x000000001f12cd68:   00000000000fed90 167a77430fa60000
0x000000001f12cd78:   000000006cfc2028 0000000000000000
0x000000001f12cd88:   00007ff8b816cc18 0000000000000000
0x000000001f12cd98:   000000001de47c38 000000001de47c9c
0x000000001f12cda8:   000000000001bf26 00007ff80001fedb
0x000000001f12cdb8:   000000006cfd50b5 0000000000000001
0x000000001f12cdc8:   000000006cfc26a6 0000000000000000
0x000000001f12cdd8:   0000000000000000 00007ff8b81aeaa0
0x000000001f12cde8:   000000001f12ce50 000000001de47d10
0x000000001f12cdf8:   000000001de47b50 000000001de47620
0x000000001f12ce08:   0000000000000000 0000000000000000
0x000000001f12ce18:   000000006cfc14be 000000006cfd5014
0x000000001f12ce28:   000000001de47b70 00007ff8b81b4920
0x000000001f12ce38:   000000001f12ce00 0000000000000000
0x000000001f12ce48:   000000001de47b70 001a000d00400036
0x000000001f12ce58:   002e0017ffc0ffab ffb6ffa1003a0024 

Instructions: (pc=0x000000006cfccd66)
0x000000006cfccd46:   90 90 0f 1f 84 00 00 00 00 00 51 50 48 3d 00 10
0x000000006cfccd56:   00 00 48 8d 4c 24 18 72 19 48 81 e9 00 10 00 00
0x000000006cfccd66:   48 83 09 00 48 2d 00 10 00 00 48 3d 00 10 00 00
0x000000006cfccd76:   77 e7 48 29 c1 48 83 09 00 58 59 c3 90 90 90 90 


Register to memory mapping:

RAX=0x0000000000003d90 is an unknown value
RBX=0x000000001de47b50 is an unknown value
RCX=0x000000001f030d80 is pointing into the stack for thread: 0x000000001d2ff800
RDX=0x000000001f12ccc0 is pointing into the stack for thread: 0x000000001d2ff800
RSP=0x000000001f12cd68 is pointing into the stack for thread: 0x000000001d2ff800
RBP=0x000000001f12ce00 is pointing into the stack for thread: 0x000000001d2ff800
RSI=0x0000000000003316 is an unknown value
RDI=0x0000000000000000 is an unknown value
R8 =0x000000000007f6c0 is an unknown value
R9 =0x0000000000000200 is an unknown value
R10=0x00007ff8b8120000 is an unknown value
R11=0x0000000000000000 is an unknown value
R12=0x000000000000065f is an unknown value
R13=0x000000001de47b70 is an unknown value
R14=0x000000001f12cd80 is pointing into the stack for thread: 0x000000001d2ff800
R15=0x0000000000000000 is an unknown value


Stack: [0x000000001f030000,0x000000001f130000],  sp=0x000000001f12cd68,  free space=1011k
Native frames: (J=compiled Java code, j=interpreted, Vv=VM code, C=native code)
C  [libFileCutUtil.dll+0xcd66]

Java frames: (J=compiled Java code, j=interpreted, Vv=VM code)
j  com.speech.util.FileCutUtil.setFile([C[C[C)I+0
j  com.speech.controller.SpeechController.convert(Ljava/lang/Integer;)Lorg/springframework/web/servlet/ModelAndView;+157
v  ~StubRoutines::call_stub
J 2071  sun.reflect.NativeMethodAccessorImpl.invoke0(Ljava/lang/reflect/Method;Ljava/lang/Object;[Ljava/lang/Object;)Ljava/lang/Object; (0 bytes) @ 0x0000000004dd43ff [0x0000000004dd4380+0x7f]
J 2070 C1 sun.reflect.NativeMethodAccessorImpl.invoke(Ljava/lang/Object;[Ljava/lang/Object;)Ljava/lang/Object; (104 bytes) @ 0x0000000004dd4b84 [0x0000000004dd47e0+0x3a4]
J 1133 C1 sun.reflect.DelegatingMethodAccessorImpl.invoke(Ljava/lang/Object;[Ljava/lang/Object;)Ljava/lang/Object; (10 bytes) @ 0x0000000004bff27c [0x0000000004bff220+0x5c]
J 1084 C1 java.lang.reflect.Method.invoke(Ljava/lang/Object;[Ljava/lang/Object;)Ljava/lang/Object; (62 bytes) @ 0x0000000004be53f4 [0x0000000004be52e0+0x114]
j  org.springframework.web.method.support.InvocableHandlerMethod.invoke([Ljava/lang/Object;)Ljava/lang/Object;+16
j  org.springframework.web.method.support.InvocableHandlerMethod.invokeForRequest(Lorg/springframework/web/context/request/NativeWebRequest;Lorg/springframework/web/method/support/ModelAndViewContainer;[Ljava/lang/Object;)Ljava/lang/Object;+96
j  org.springframework.web.servlet.mvc.method.annotation.ServletInvocableHandlerMethod.invokeAndHandle(Lorg/springframework/web/context/request/ServletWebRequest;Lorg/springframework/web/method/support/ModelAndViewContainer;[Ljava/lang/Object;)V+4
j  org.springframework.web.servlet.mvc.method.annotation.RequestMappingHandlerAdapter.invokeHandleMethod(Ljavax/servlet/http/HttpServletRequest;Ljavax/servlet/http/HttpServletResponse;Lorg/springframework/web/method/HandlerMethod;)Lorg/springframework/web/servlet/ModelAndView;+230
j  org.springframework.web.servlet.mvc.method.annotation.RequestMappingHandlerAdapter.handleInternal(Ljavax/servlet/http/HttpServletRequest;Ljavax/servlet/http/HttpServletResponse;Lorg/springframework/web/method/HandlerMethod;)Lorg/springframework/web/servlet/ModelAndView;+89
j  org.springframework.web.servlet.mvc.method.AbstractHandlerMethodAdapter.handle(Ljavax/servlet/http/HttpServletRequest;Ljavax/servlet/http/HttpServletResponse;Ljava/lang/Object;)Lorg/springframework/web/servlet/ModelAndView;+7
j  org.springframework.web.servlet.DispatcherServlet.doDispatch(Ljavax/servlet/http/HttpServletRequest;Ljavax/servlet/http/HttpServletResponse;)V+297
j  org.springframework.web.servlet.DispatcherServlet.doService(Ljavax/servlet/http/HttpServletRequest;Ljavax/servlet/http/HttpServletResponse;)V+301
j  org.springframework.web.servlet.FrameworkServlet.processRequest(Ljavax/servlet/http/HttpServletRequest;Ljavax/servlet/http/HttpServletResponse;)V+71
j  org.springframework.web.servlet.FrameworkServlet.doGet(Ljavax/servlet/http/HttpServletRequest;Ljavax/servlet/http/HttpServletResponse;)V+3
j  javax.servlet.http.HttpServlet.service(Ljavax/servlet/http/HttpServletRequest;Ljavax/servlet/http/HttpServletResponse;)V+35
j  org.springframework.web.servlet.FrameworkServlet.service(Ljavax/servlet/http/HttpServletRequest;Ljavax/servlet/http/HttpServletResponse;)V+32
j  javax.servlet.http.HttpServlet.service(Ljavax/servlet/ServletRequest;Ljavax/servlet/ServletResponse;)V+30
j  org.eclipse.jetty.servlet.ServletHolder.handle(Lorg/eclipse/jetty/server/Request;Ljavax/servlet/ServletRequest;Ljavax/servlet/ServletResponse;)V+217
j  org.eclipse.jetty.servlet.ServletHandler$CachedChain.doFilter(Ljavax/servlet/ServletRequest;Ljavax/servlet/ServletResponse;)V+237
j  org.springframework.web.filter.HiddenHttpMethodFilter.doFilterInternal(Ljavax/servlet/http/HttpServletRequest;Ljavax/servlet/http/HttpServletResponse;Ljavax/servlet/FilterChain;)V+71
j  org.springframework.web.filter.OncePerRequestFilter.doFilter(Ljavax/servlet/ServletRequest;Ljavax/servlet/ServletResponse;Ljavax/servlet/FilterChain;)V+111
j  org.eclipse.jetty.servlet.ServletHandler$CachedChain.doFilter(Ljavax/servlet/ServletRequest;Ljavax/servlet/ServletResponse;)V+100
j  org.eclipse.jetty.servlet.ServletHandler.doHandle(Ljava/lang/String;Lorg/eclipse/jetty/server/Request;Ljavax/servlet/http/HttpServletRequest;Ljavax/servlet/http/HttpServletResponse;)V+200
j  org.eclipse.jetty.server.handler.ScopedHandler.handle(Ljava/lang/String;Lorg/eclipse/jetty/server/Request;Ljavax/servlet/http/HttpServletRequest;Ljavax/servlet/http/HttpServletResponse;)V+25
j  org.eclipse.jetty.security.SecurityHandler.handle(Ljava/lang/String;Lorg/eclipse/jetty/server/Request;Ljavax/servlet/http/HttpServletRequest;Ljavax/servlet/http/HttpServletResponse;)V+540
j  org.eclipse.jetty.server.session.SessionHandler.doHandle(Ljava/lang/String;Lorg/eclipse/jetty/server/Request;Ljavax/servlet/http/HttpServletRequest;Ljavax/servlet/http/HttpServletResponse;)V+68
j  org.eclipse.jetty.server.handler.ContextHandler.doHandle(Ljava/lang/String;Lorg/eclipse/jetty/server/Request;Ljavax/servlet/http/HttpServletRequest;Ljavax/servlet/http/HttpServletResponse;)V+206
j  org.eclipse.jetty.servlet.ServletHandler.doScope(Ljava/lang/String;Lorg/eclipse/jetty/server/Request;Ljavax/servlet/http/HttpServletRequest;Ljavax/servlet/http/HttpServletResponse;)V+277
j  org.eclipse.jetty.server.session.SessionHandler.doScope(Ljava/lang/String;Lorg/eclipse/jetty/server/Request;Ljavax/servlet/http/HttpServletRequest;Ljavax/servlet/http/HttpServletResponse;)V+233
j  org.eclipse.jetty.server.handler.ContextHandler.doScope(Ljava/lang/String;Lorg/eclipse/jetty/server/Request;Ljavax/servlet/http/HttpServletRequest;Ljavax/servlet/http/HttpServletResponse;)V+437
j  org.eclipse.jetty.server.handler.ScopedHandler.handle(Ljava/lang/String;Lorg/eclipse/jetty/server/Request;Ljavax/servlet/http/HttpServletRequest;Ljavax/servlet/http/HttpServletResponse;)V+13
j  org.eclipse.jetty.server.handler.HandlerWrapper.handle(Ljava/lang/String;Lorg/eclipse/jetty/server/Request;Ljavax/servlet/http/HttpServletRequest;Ljavax/servlet/http/HttpServletResponse;)V+23
j  org.eclipse.jetty.server.Server.handle(Lorg/eclipse/jetty/server/AbstractHttpConnection;)V+146
j  org.eclipse.jetty.server.AbstractHttpConnection.handleRequest()V+328
j  org.eclipse.jetty.server.AbstractHttpConnection.headerComplete()V+472
j  org.eclipse.jetty.server.AbstractHttpConnection$RequestHandler.headerComplete()V+4
j  org.eclipse.jetty.http.HttpParser.parseNext()I+2142
j  org.eclipse.jetty.http.HttpParser.parseAvailable()Z+1
j  org.eclipse.jetty.server.AsyncHttpConnection.handle()Lorg/eclipse/jetty/io/Connection;+80
j  org.eclipse.jetty.io.nio.SelectChannelEndPoint.handle()V+10
j  org.eclipse.jetty.io.nio.SelectChannelEndPoint$1.run()V+4
j  org.eclipse.jetty.util.thread.QueuedThreadPool.runJob(Ljava/lang/Runnable;)V+1
j  org.eclipse.jetty.util.thread.QueuedThreadPool$3.run()V+47
j  java.lang.Thread.run()V+11
v  ~StubRoutines::call_stub

---------------  P R O C E S S  ---------------

Java Threads: ( => current thread )
  0x000000001d305800 JavaThread "DestroyJavaVM" [_thread_blocked, id=11596, stack(0x00000000046e0000,0x00000000047e0000)]
  0x000000001d300000 JavaThread "qtp327853004-33" [_thread_blocked, id=6184, stack(0x000000001f430000,0x000000001f530000)]
  0x000000001d304800 JavaThread "qtp327853004-32" [_thread_blocked, id=11756, stack(0x000000001f330000,0x000000001f430000)]
  0x000000001d304000 JavaThread "qtp327853004-31" [_thread_blocked, id=2304, stack(0x000000001f230000,0x000000001f330000)]
  0x000000001d301000 JavaThread "qtp327853004-30" [_thread_blocked, id=4128, stack(0x000000001f130000,0x000000001f230000)]
=>0x000000001d2ff800 JavaThread "qtp327853004-29" [_thread_in_native, id=7680, stack(0x000000001f030000,0x000000001f130000)]
  0x000000001d303000 JavaThread "qtp327853004-28" [_thread_blocked, id=7052, stack(0x000000001ef30000,0x000000001f030000)]
  0x000000001d302800 JavaThread "qtp327853004-27 Acceptor0 SelectChannelConnector@0.0.0.0:8080" [_thread_in_native, id=6936, stack(0x000000001ee30000,0x000000001ef30000)]
  0x000000001d2fe800 JavaThread "qtp327853004-26 Selector0" [_thread_in_native, id=9432, stack(0x000000001ed30000,0x000000001ee30000)]
  0x000000001d189000 JavaThread "HashSessionScavenger-0" daemon [_thread_blocked, id=6812, stack(0x000000001ea30000,0x000000001eb30000)]
  0x000000001ce8f000 JavaThread "C3P0PooledConnectionPoolManager[identityToken->1hge13h9u1v5k6eb11q9ujy|7e94d093]-HelperThread-#2" daemon [_thread_blocked, id=4656, stack(0x000000001e330000,0x000000001e430000)]
  0x000000001ce8e000 JavaThread "C3P0PooledConnectionPoolManager[identityToken->1hge13h9u1v5k6eb11q9ujy|7e94d093]-HelperThread-#1" daemon [_thread_blocked, id=9020, stack(0x000000001e230000,0x000000001e330000)]
  0x000000001ce8d800 JavaThread "C3P0PooledConnectionPoolManager[identityToken->1hge13h9u1v5k6eb11q9ujy|7e94d093]-HelperThread-#0" daemon [_thread_blocked, id=10096, stack(0x000000001e130000,0x000000001e230000)]
  0x000000001ce84000 JavaThread "C3P0PooledConnectionPoolManager[identityToken->1hge13h9u1v5k6eb11q9ujy|7e94d093]-AdminTaskTimer" daemon [_thread_blocked, id=7992, stack(0x000000001e030000,0x000000001e130000)]
  0x000000001ce36800 JavaThread "Abandoned connection cleanup thread" daemon [_thread_blocked, id=6960, stack(0x000000001df30000,0x000000001e030000)]
  0x000000001b83a000 JavaThread "RMI TCP Accept-0" daemon [_thread_in_native, id=2732, stack(0x000000001bf50000,0x000000001c050000)]
  0x000000001b7db800 JavaThread "RMI TCP Accept-52980" daemon [_thread_in_native, id=11112, stack(0x000000001be50000,0x000000001bf50000)]
  0x000000001b827800 JavaThread "RMI TCP Accept-0" daemon [_thread_in_native, id=3564, stack(0x000000001bd50000,0x000000001be50000)]
  0x000000001a8f0800 JavaThread "Service Thread" daemon [_thread_blocked, id=11856, stack(0x000000001b450000,0x000000001b550000)]
  0x000000001944c000 JavaThread "C1 CompilerThread2" daemon [_thread_blocked, id=3212, stack(0x000000001b350000,0x000000001b450000)]
  0x0000000019449000 JavaThread "C2 CompilerThread1" daemon [_thread_blocked, id=7884, stack(0x000000001b250000,0x000000001b350000)]
  0x0000000019443000 JavaThread "C2 CompilerThread0" daemon [_thread_blocked, id=7284, stack(0x000000001b150000,0x000000001b250000)]
  0x0000000019438000 JavaThread "JDWP Command Reader" daemon [_thread_in_native, id=6496, stack(0x000000001b050000,0x000000001b150000)]
  0x0000000019436800 JavaThread "JDWP Event Helper Thread" daemon [_thread_blocked, id=2380, stack(0x000000001af50000,0x000000001b050000)]
  0x0000000019430000 JavaThread "JDWP Transport Listener: dt_socket" daemon [_thread_blocked, id=3796, stack(0x000000001ae50000,0x000000001af50000)]
  0x000000001941d000 JavaThread "Attach Listener" daemon [_thread_blocked, id=11308, stack(0x000000001ad50000,0x000000001ae50000)]
  0x000000001a893800 JavaThread "Signal Dispatcher" daemon [_thread_blocked, id=7428, stack(0x000000001ac50000,0x000000001ad50000)]
  0x00000000048da800 JavaThread "Finalizer" daemon [_thread_blocked, id=6280, stack(0x000000001a650000,0x000000001a750000)]
  0x00000000048d2000 JavaThread "Reference Handler" daemon [_thread_blocked, id=11844, stack(0x000000001a550000,0x000000001a650000)]

Other Threads:
  0x00000000193c7800 VMThread [stack: 0x000000001a450000,0x000000001a550000] [id=11212]
  0x000000001b847800 WatcherThread [stack: 0x000000001c050000,0x000000001c150000] [id=8684]

VM state:not at safepoint (normal execution)

VM Mutex/Monitor currently owned by a thread: None

Heap:
 PSYoungGen      total 218624K, used 92284K [0x00000000d5f80000, 0x00000000e8080000, 0x0000000100000000)
  eden space 201216K, 45% used [0x00000000d5f80000,0x00000000db99f3e8,0x00000000e2400000)
  from space 17408K, 0% used [0x00000000e2400000,0x00000000e2400000,0x00000000e3500000)
  to   space 19456K, 0% used [0x00000000e6d80000,0x00000000e6d80000,0x00000000e8080000)
 ParOldGen       total 100864K, used 29114K [0x0000000081e00000, 0x0000000088080000, 0x00000000d5f80000)
  object space 100864K, 28% used [0x0000000081e00000,0x0000000083a6e9b8,0x0000000088080000)
 Metaspace       used 36710K, capacity 37050K, committed 37464K, reserved 1081344K
  class space    used 4640K, capacity 4723K, committed 4736K, reserved 1048576K

Card table byte_map: [0x0000000013ca0000,0x00000000140a0000] byte_map_base: 0x0000000013891000

Marking Bits: (ParMarkBitMap*) 0x00000000593ba5b0
 Begin Bits: [0x0000000014750000, 0x00000000166d8000)
 End Bits:   [0x00000000166d8000, 0x0000000018660000)

Polling page: 0x00000000001f0000

CodeCache: size=245760Kb used=10206Kb max_used=10206Kb free=235553Kb
 bounds [0x00000000048e0000, 0x00000000052e0000, 0x00000000138e0000]
 total_blobs=4817 nmethods=4316 adapters=420
 compilation: enabled

Compilation events (10 events):
Event: 109.052 Thread 0x000000001944c000 4401       1       java.net.Socket::connect (248 bytes)
Event: 109.053 Thread 0x000000001944c000 nmethod 4401 0x00000000052d8210 code [0x00000000052d84c0, 0x00000000052d8dd8]
Event: 110.204 Thread 0x000000001944c000 4402       1       java.lang.Long::toString (8 bytes)
Event: 110.204 Thread 0x000000001944c000 nmethod 4402 0x00000000052d9790 code [0x00000000052d98e0, 0x00000000052d9a28]
Event: 110.204 Thread 0x000000001944c000 4403   !   1       java.net.URI$Parser::parseIPv4Address (62 bytes)
Event: 110.206 Thread 0x000000001944c000 nmethod 4403 0x00000000052d9a90 code [0x00000000052d9c20, 0x00000000052d9f48]
Event: 112.184 Thread 0x000000001944c000 4404       1       java.util.concurrent.locks.ReentrantLock$Sync::nonfairTryAcquire (67 bytes)
Event: 112.185 Thread 0x000000001944c000 nmethod 4404 0x00000000052da290 code [0x00000000052da400, 0x00000000052da688]
Event: 112.186 Thread 0x000000001944c000 4405       1       java.util.concurrent.locks.ReentrantLock$NonfairSync::tryAcquire (6 bytes)
Event: 112.186 Thread 0x000000001944c000 nmethod 4405 0x00000000052da7d0 code [0x00000000052da920, 0x00000000052daa68]

GC Heap History (10 events):
Event: 2.681 GC heap before
{Heap before GC invocations=7 (full 1):
 PSYoungGen      total 140800K, used 8677K [0x00000000d5f80000, 0x00000000df480000, 0x0000000100000000)
  eden space 132096K, 0% used [0x00000000d5f80000,0x00000000d5f80000,0x00000000de080000)
  from space 8704K, 99% used [0x00000000dea00000,0x00000000df279590,0x00000000df280000)
  to   space 9728K, 0% used [0x00000000de080000,0x00000000de080000,0x00000000dea00000)
 ParOldGen       total 87552K, used 5206K [0x0000000081e00000, 0x0000000087380000, 0x00000000d5f80000)
  object space 87552K, 5% used [0x0000000081e00000,0x0000000082315910,0x0000000087380000)
 Metaspace       used 20883K, capacity 21076K, committed 21248K, reserved 1067008K
  class space    used 2708K, capacity 2764K, committed 2816K, reserved 1048576K
Event: 2.722 GC heap after
Heap after GC invocations=7 (full 1):
 PSYoungGen      total 140800K, used 0K [0x00000000d5f80000, 0x00000000df480000, 0x0000000100000000)
  eden space 132096K, 0% used [0x00000000d5f80000,0x00000000d5f80000,0x00000000de080000)
  from space 8704K, 0% used [0x00000000dea00000,0x00000000dea00000,0x00000000df280000)
  to   space 9728K, 0% used [0x00000000de080000,0x00000000de080000,0x00000000dea00000)
 ParOldGen       total 58368K, used 9285K [0x0000000081e00000, 0x0000000085700000, 0x00000000d5f80000)
  object space 58368K, 15% used [0x0000000081e00000,0x0000000082711408,0x0000000085700000)
 Metaspace       used 20883K, capacity 21076K, committed 21248K, reserved 1067008K
  class space    used 2708K, capacity 2764K, committed 2816K, reserved 1048576K
}
Event: 3.856 GC heap before
{Heap before GC invocations=8 (full 1):
 PSYoungGen      total 140800K, used 132096K [0x00000000d5f80000, 0x00000000df480000, 0x0000000100000000)
  eden space 132096K, 100% used [0x00000000d5f80000,0x00000000de080000,0x00000000de080000)
  from space 8704K, 0% used [0x00000000dea00000,0x00000000dea00000,0x00000000df280000)
  to   space 9728K, 0% used [0x00000000de080000,0x00000000de080000,0x00000000dea00000)
 ParOldGen       total 58368K, used 9285K [0x0000000081e00000, 0x0000000085700000, 0x00000000d5f80000)
  object space 58368K, 15% used [0x0000000081e00000,0x0000000082711408,0x0000000085700000)
 Metaspace       used 28575K, capacity 28814K, committed 29312K, reserved 1075200K
  class space    used 3600K, capacity 3643K, committed 3712K, reserved 1048576K
Event: 3.867 GC heap after
Heap after GC invocations=8 (full 1):
 PSYoungGen      total 141824K, used 9710K [0x00000000d5f80000, 0x00000000e4380000, 0x0000000100000000)
  eden space 132096K, 0% used [0x00000000d5f80000,0x00000000d5f80000,0x00000000de080000)
  from space 9728K, 99% used [0x00000000de080000,0x00000000de9fb848,0x00000000dea00000)
  to   space 12288K, 0% used [0x00000000e3780000,0x00000000e3780000,0x00000000e4380000)
 ParOldGen       total 58368K, used 11458K [0x0000000081e00000, 0x0000000085700000, 0x00000000d5f80000)
  object space 58368K, 19% used [0x0000000081e00000,0x0000000082930b70,0x0000000085700000)
 Metaspace       used 28575K, capacity 28814K, committed 29312K, reserved 1075200K
  class space    used 3600K, capacity 3643K, committed 3712K, reserved 1048576K
}
Event: 17.981 GC heap before
{Heap before GC invocations=9 (full 1):
 PSYoungGen      total 141824K, used 141806K [0x00000000d5f80000, 0x00000000e4380000, 0x0000000100000000)
  eden space 132096K, 100% used [0x00000000d5f80000,0x00000000de080000,0x00000000de080000)
  from space 9728K, 99% used [0x00000000de080000,0x00000000de9fb848,0x00000000dea00000)
  to   space 12288K, 0% used [0x00000000e3780000,0x00000000e3780000,0x00000000e4380000)
 ParOldGen       total 58368K, used 11458K [0x0000000081e00000, 0x0000000085700000, 0x00000000d5f80000)
  object space 58368K, 19% used [0x0000000081e00000,0x0000000082930b70,0x0000000085700000)
 Metaspace       used 33537K, capacity 33856K, committed 34304K, reserved 1079296K
  class space    used 4254K, capacity 4340K, committed 4352K, reserved 1048576K
Event: 18.034 GC heap after
Heap after GC invocations=9 (full 1):
 PSYoungGen      total 213504K, used 12279K [0x00000000d5f80000, 0x00000000e4600000, 0x0000000100000000)
  eden space 201216K, 0% used [0x00000000d5f80000,0x00000000d5f80000,0x00000000e2400000)
  from space 12288K, 99% used [0x00000000e3780000,0x00000000e437de50,0x00000000e4380000)
  to   space 17408K, 0% used [0x00000000e2400000,0x00000000e2400000,0x00000000e3500000)
 ParOldGen       total 58368K, used 19368K [0x0000000081e00000, 0x0000000085700000, 0x00000000d5f80000)
  object space 58368K, 33% used [0x0000000081e00000,0x00000000830ea148,0x0000000085700000)
 Metaspace       used 33537K, capacity 33856K, committed 34304K, reserved 1079296K
  class space    used 4254K, capacity 4340K, committed 4352K, reserved 1048576K
}
Event: 32.223 GC heap before
{Heap before GC invocations=10 (full 1):
 PSYoungGen      total 213504K, used 41952K [0x00000000d5f80000, 0x00000000e4600000, 0x0000000100000000)
  eden space 201216K, 14% used [0x00000000d5f80000,0x00000000d7c7a1b0,0x00000000e2400000)
  from space 12288K, 99% used [0x00000000e3780000,0x00000000e437de50,0x00000000e4380000)
  to   space 17408K, 0% used [0x00000000e2400000,0x00000000e2400000,0x00000000e3500000)
 ParOldGen       total 58368K, used 19368K [0x0000000081e00000, 0x0000000085700000, 0x00000000d5f80000)
  object space 58368K, 33% used [0x0000000081e00000,0x00000000830ea148,0x0000000085700000)
 Metaspace       used 34739K, capacity 35072K, committed 35416K, reserved 1081344K
  class space    used 4387K, capacity 4468K, committed 4480K, reserved 1048576K
Event: 32.249 GC heap after
Heap after GC invocations=10 (full 1):
 PSYoungGen      total 218624K, used 16309K [0x00000000d5f80000, 0x00000000e8080000, 0x0000000100000000)
  eden space 201216K, 0% used [0x00000000d5f80000,0x00000000d5f80000,0x00000000e2400000)
  from space 17408K, 93% used [0x00000000e2400000,0x00000000e33ed658,0x00000000e3500000)
  to   space 19456K, 0% used [0x00000000e6d80000,0x00000000e6d80000,0x00000000e8080000)
 ParOldGen       total 58368K, used 19376K [0x0000000081e00000, 0x0000000085700000, 0x00000000d5f80000)
  object space 58368K, 33% used [0x0000000081e00000,0x00000000830ec148,0x0000000085700000)
 Metaspace       used 34739K, capacity 35072K, committed 35416K, reserved 1081344K
  class space    used 4387K, capacity 4468K, committed 4480K, reserved 1048576K
}
Event: 32.249 GC heap before
{Heap before GC invocations=11 (full 2):
 PSYoungGen      total 218624K, used 16309K [0x00000000d5f80000, 0x00000000e8080000, 0x0000000100000000)
  eden space 201216K, 0% used [0x00000000d5f80000,0x00000000d5f80000,0x00000000e2400000)
  from space 17408K, 93% used [0x00000000e2400000,0x00000000e33ed658,0x00000000e3500000)
  to   space 19456K, 0% used [0x00000000e6d80000,0x00000000e6d80000,0x00000000e8080000)
 ParOldGen       total 58368K, used 19376K [0x0000000081e00000, 0x0000000085700000, 0x00000000d5f80000)
  object space 58368K, 33% used [0x0000000081e00000,0x00000000830ec148,0x0000000085700000)
 Metaspace       used 34739K, capacity 35072K, committed 35416K, reserved 1081344K
  class space    used 4387K, capacity 4468K, committed 4480K, reserved 1048576K
Event: 32.356 GC heap after
Heap after GC invocations=11 (full 2):
 PSYoungGen      total 218624K, used 0K [0x00000000d5f80000, 0x00000000e8080000, 0x0000000100000000)
  eden space 201216K, 0% used [0x00000000d5f80000,0x00000000d5f80000,0x00000000e2400000)
  from space 17408K, 0% used [0x00000000e2400000,0x00000000e2400000,0x00000000e3500000)
  to   space 19456K, 0% used [0x00000000e6d80000,0x00000000e6d80000,0x00000000e8080000)
 ParOldGen       total 100864K, used 29114K [0x0000000081e00000, 0x0000000088080000, 0x00000000d5f80000)
  object space 100864K, 28% used [0x0000000081e00000,0x0000000083a6e9b8,0x0000000088080000)
 Metaspace       used 34735K, capacity 35066K, committed 35416K, reserved 1081344K
  class space    used 4386K, capacity 4467K, committed 4480K, reserved 1048576K
}

Deoptimization events (0 events):
No events

Internal exceptions (10 events):
Event: 32.196 Thread 0x000000001d303000 Exception <a 'java/lang/ArrayIndexOutOfBoundsException'> (0x00000000d7a6ef50) thrown at [C:\re\workspace\8-2-build-windows-amd64-cygwin\jdk8u66\5298\hotspot\src\share\vm\runtime\sharedRuntime.cpp, line 605]
Event: 32.203 Thread 0x000000001d303000 Exception <a 'java/lang/ArrayIndexOutOfBoundsException'> (0x00000000d7ae05c8) thrown at [C:\re\workspace\8-2-build-windows-amd64-cygwin\jdk8u66\5298\hotspot\src\share\vm\runtime\sharedRuntime.cpp, line 605]
Event: 32.622 Thread 0x000000001d304800 Exception <a 'java/lang/ArrayIndexOutOfBoundsException'> (0x00000000d705a040) thrown at [C:\re\workspace\8-2-build-windows-amd64-cygwin\jdk8u66\5298\hotspot\src\share\vm\runtime\sharedRuntime.cpp, line 605]
Event: 32.622 Thread 0x000000001d300000 Exception <a 'java/lang/ArrayIndexOutOfBoundsException'> (0x00000000d6dce9d8) thrown at [C:\re\workspace\8-2-build-windows-amd64-cygwin\jdk8u66\5298\hotspot\src\share\vm\runtime\sharedRuntime.cpp, line 605]
Event: 32.622 Thread 0x000000001d301000 Exception <a 'java/lang/ArrayIndexOutOfBoundsException'> (0x00000000d6c61b68) thrown at [C:\re\workspace\8-2-build-windows-amd64-cygwin\jdk8u66\5298\hotspot\src\share\vm\runtime\sharedRuntime.cpp, line 605]
Event: 32.622 Thread 0x000000001d304000 Exception <a 'java/lang/ArrayIndexOutOfBoundsException'> (0x00000000d6ef93f0) thrown at [C:\re\workspace\8-2-build-windows-amd64-cygwin\jdk8u66\5298\hotspot\src\share\vm\runtime\sharedRuntime.cpp, line 605]
Event: 32.622 Thread 0x000000001d300000 Exception <a 'java/lang/ArrayIndexOutOfBoundsException'> (0x00000000d6dd0440) thrown at [C:\re\workspace\8-2-build-windows-amd64-cygwin\jdk8u66\5298\hotspot\src\share\vm\runtime\sharedRuntime.cpp, line 605]
Event: 32.622 Thread 0x000000001d304000 Exception <a 'java/lang/ArrayIndexOutOfBoundsException'> (0x00000000d6efae58) thrown at [C:\re\workspace\8-2-build-windows-amd64-cygwin\jdk8u66\5298\hotspot\src\share\vm\runtime\sharedRuntime.cpp, line 605]
Event: 32.622 Thread 0x000000001d304800 Exception <a 'java/lang/ArrayIndexOutOfBoundsException'> (0x00000000d705baa8) thrown at [C:\re\workspace\8-2-build-windows-amd64-cygwin\jdk8u66\5298\hotspot\src\share\vm\runtime\sharedRuntime.cpp, line 605]
Event: 32.622 Thread 0x000000001d301000 Exception <a 'java/lang/ArrayIndexOutOfBoundsException'> (0x00000000d6c635d0) thrown at [C:\re\workspace\8-2-build-windows-amd64-cygwin\jdk8u66\5298\hotspot\src\share\vm\runtime\sharedRuntime.cpp, line 605]

Events (10 events):
Event: 112.416 Executing VM operation: GetCurrentLocation
Event: 112.416 Executing VM operation: GetCurrentLocation done
Event: 112.416 Executing VM operation: ChangeSingleStep
Event: 112.416 Executing VM operation: ChangeSingleStep done
Event: 112.417 Executing VM operation: ChangeSingleStep
Event: 112.418 Executing VM operation: ChangeSingleStep done
Event: 112.418 Executing VM operation: GetCurrentLocation
Event: 112.418 Executing VM operation: GetCurrentLocation done
Event: 112.418 Executing VM operation: ChangeSingleStep
Event: 112.418 Executing VM operation: ChangeSingleStep done


Dynamic libraries:
0x00007ff742cb0000 - 0x00007ff742ce7000 	C:\Program Files\Java\jre1.8.0_66\bin\javaw.exe
0x00007ff8bab00000 - 0x00007ff8bace0000 	C:\WINDOWS\SYSTEM32\ntdll.dll
0x00007ff8b8730000 - 0x00007ff8b87de000 	C:\WINDOWS\System32\KERNEL32.DLL
0x00007ff8b7a70000 - 0x00007ff8b7cd6000 	C:\WINDOWS\System32\KERNELBASE.dll
0x00007ff8ba7d0000 - 0x00007ff8ba871000 	C:\WINDOWS\System32\ADVAPI32.dll
0x00007ff8b8120000 - 0x00007ff8b81bd000 	C:\WINDOWS\System32\msvcrt.dll
0x00007ff8b9160000 - 0x00007ff8b91bb000 	C:\WINDOWS\System32\sechost.dll
0x00007ff8b81c0000 - 0x00007ff8b82df000 	C:\WINDOWS\System32\RPCRT4.dll
0x00007ff8b8920000 - 0x00007ff8b8aaf000 	C:\WINDOWS\System32\USER32.dll
0x00007ff8b7fb0000 - 0x00007ff8b7fd0000 	C:\WINDOWS\System32\win32u.dll
0x00007ff8ba880000 - 0x00007ff8ba8a8000 	C:\WINDOWS\System32\GDI32.dll
0x00007ff8b6f00000 - 0x00007ff8b7093000 	C:\WINDOWS\System32\gdi32full.dll
0x00007ff8b7f10000 - 0x00007ff8b7fab000 	C:\WINDOWS\System32\msvcp_win.dll
0x00007ff8b7d90000 - 0x00007ff8b7e86000 	C:\WINDOWS\System32\ucrtbase.dll
0x00007ff8a9590000 - 0x00007ff8a97f9000 	C:\WINDOWS\WinSxS\amd64_microsoft.windows.common-controls_6595b64144ccf1df_6.0.16299.371_none_15c7d1789365a290\COMCTL32.dll
0x00007ff8b8df0000 - 0x00007ff8b90f8000 	C:\WINDOWS\System32\combase.dll
0x00007ff8b7e90000 - 0x00007ff8b7f02000 	C:\WINDOWS\System32\bcryptPrimitives.dll
0x00007ff8b8ab0000 - 0x00007ff8b8add000 	C:\WINDOWS\System32\IMM32.DLL
0x0000000058ad0000 - 0x0000000058ba2000 	C:\Program Files\Java\jre1.8.0_66\bin\msvcr100.dll
0x0000000058bb0000 - 0x0000000059439000 	C:\Program Files\Java\jre1.8.0_66\bin\server\jvm.dll
0x00007ff8b8ae0000 - 0x00007ff8b8ae8000 	C:\WINDOWS\System32\PSAPI.DLL
0x00007ff8b3ea0000 - 0x00007ff8b3ea9000 	C:\WINDOWS\SYSTEM32\WSOCK32.dll
0x00007ff8ba8b0000 - 0x00007ff8ba91c000 	C:\WINDOWS\System32\WS2_32.dll
0x00007ff8b3c80000 - 0x00007ff8b3ca3000 	C:\WINDOWS\SYSTEM32\WINMM.dll
0x00007ff8abf70000 - 0x00007ff8abf7a000 	C:\WINDOWS\SYSTEM32\VERSION.dll
0x00007ff8b3c20000 - 0x00007ff8b3c4a000 	C:\WINDOWS\SYSTEM32\WINMMBASE.dll
0x00007ff8b70a0000 - 0x00007ff8b70ea000 	C:\WINDOWS\System32\cfgmgr32.dll
0x0000000058ac0000 - 0x0000000058acf000 	C:\Program Files\Java\jre1.8.0_66\bin\verify.dll
0x0000000058a90000 - 0x0000000058ab9000 	C:\Program Files\Java\jre1.8.0_66\bin\java.dll
0x0000000058730000 - 0x0000000058765000 	C:\Program Files\Java\jre1.8.0_66\bin\jdwp.dll
0x0000000058720000 - 0x0000000058728000 	C:\Program Files\Java\jre1.8.0_66\bin\npt.dll
0x0000000058a70000 - 0x0000000058a86000 	C:\Program Files\Java\jre1.8.0_66\bin\zip.dll
0x00007ff8b9370000 - 0x00007ff8ba7a6000 	C:\WINDOWS\System32\SHELL32.dll
0x00007ff8b8c60000 - 0x00007ff8b8d06000 	C:\WINDOWS\System32\shcore.dll
0x00007ff8b72c0000 - 0x00007ff8b7a07000 	C:\WINDOWS\System32\windows.storage.dll
0x00007ff8b87e0000 - 0x00007ff8b8831000 	C:\WINDOWS\System32\shlwapi.dll
0x00007ff8b6ee0000 - 0x00007ff8b6ef1000 	C:\WINDOWS\System32\kernel.appcore.dll
0x00007ff8b6e50000 - 0x00007ff8b6e9c000 	C:\WINDOWS\System32\powrprof.dll
0x00007ff8b6ec0000 - 0x00007ff8b6edb000 	C:\WINDOWS\System32\profapi.dll
0x0000000058710000 - 0x0000000058719000 	C:\Program Files\Java\jre1.8.0_66\bin\dt_socket.dll
0x00007ff8a8af0000 - 0x00007ff8a8b06000 	C:\WINDOWS\system32\napinsp.dll
0x00007ff8a8a10000 - 0x00007ff8a8a2a000 	C:\WINDOWS\system32\pnrpnsp.dll
0x00007ff8b3e80000 - 0x00007ff8b3e98000 	C:\WINDOWS\system32\NLAapi.dll
0x00007ff8b66b0000 - 0x00007ff8b6716000 	C:\WINDOWS\System32\mswsock.dll
0x00007ff8b6480000 - 0x00007ff8b6536000 	C:\WINDOWS\SYSTEM32\DNSAPI.dll
0x00007ff8b9360000 - 0x00007ff8b9368000 	C:\WINDOWS\System32\NSI.dll
0x00007ff8b6440000 - 0x00007ff8b6479000 	C:\WINDOWS\SYSTEM32\IPHLPAPI.DLL
0x00007ff8a89d0000 - 0x00007ff8a89de000 	C:\WINDOWS\System32\winrnr.dll
0x00007ff8a89b0000 - 0x00007ff8a89c5000 	C:\WINDOWS\System32\wshbth.dll
0x00007ff8ad4a0000 - 0x00007ff8ad510000 	C:\WINDOWS\System32\fwpuclnt.dll
0x00007ff8b6980000 - 0x00007ff8b69a5000 	C:\WINDOWS\SYSTEM32\bcrypt.dll
0x00007ff8ad420000 - 0x00007ff8ad42a000 	C:\Windows\System32\rasadhlp.dll
0x0000000058700000 - 0x000000005870d000 	C:\Program Files\Java\jre1.8.0_66\bin\management.dll
0x0000000058a50000 - 0x0000000058a6a000 	C:\Program Files\Java\jre1.8.0_66\bin\net.dll
0x0000000058a30000 - 0x0000000058a41000 	C:\Program Files\Java\jre1.8.0_66\bin\nio.dll
0x00007ff8b6870000 - 0x00007ff8b6887000 	C:\WINDOWS\SYSTEM32\CRYPTSP.dll
0x00007ff8b62b0000 - 0x00007ff8b62e3000 	C:\WINDOWS\system32\rsaenh.dll
0x00007ff8b6d80000 - 0x00007ff8b6da9000 	C:\WINDOWS\SYSTEM32\USERENV.dll
0x00007ff8b6890000 - 0x00007ff8b689b000 	C:\WINDOWS\SYSTEM32\CRYPTBASE.dll
0x00007ff8aeb20000 - 0x00007ff8aeb36000 	C:\WINDOWS\SYSTEM32\dhcpcsvc6.DLL
0x00007ff8aeca0000 - 0x00007ff8aecba000 	C:\WINDOWS\SYSTEM32\dhcpcsvc.DLL
0x0000000061440000 - 0x000000006145a000 	D:\sdk_demo\SpeechRecognition\libgcc_s_seh-1.dll
0x0000000064940000 - 0x0000000064955000 	D:\sdk_demo\SpeechRecognition\libwinpthread-1.dll
0x000000006fc40000 - 0x000000006fda5000 	D:\sdk_demo\SpeechRecognition\libstdc++-6.dll
0x000000006cfc0000 - 0x000000006cfe8000 	D:\sdk_demo\SpeechRecognition\libFileCutUtil.dll
0x00007ff8a9860000 - 0x00007ff8a9a28000 	C:\WINDOWS\SYSTEM32\dbghelp.dll

VM Arguments:
jvm_args: -agentlib:jdwp=transport=dt_socket,suspend=y,address=localhost:52981 -Dcom.sun.management.jmxremote -Dcom.sun.management.jmxremote.port=52980 -Dcom.sun.management.jmxremote.authenticate=false -Dcom.sun.management.jmxremote.ssl=false -Djava.rmi.server.hostname=localhost -Dspring.liveBeansView.mbeanDomain -Dspring.application.admin.enabled=true -Djava.library.path=D:\sdk_demo\SpeechRecognition;D:\sdk_demo\SpeechRecognition;D:\sdk_demo\SpeechRecognition;D:\sdk_demo\SpeechRecognition -Xverify:none -XX:TieredStopAtLevel=1 -Dfile.encoding=UTF-8 
java_command: com.speech.SpeechServer
java_class_path (initial): D:\sdk_demo\SpeechRecognition\target\classes;D:\maven\mavenReposiry\org\springframework\boot\spring-boot-starter-thymeleaf\1.1.6.RELEASE\spring-boot-starter-thymeleaf-1.1.6.RELEASE.jar;D:\maven\mavenReposiry\org\springframework\spring-core\4.0.7.RELEASE\spring-core-4.0.7.RELEASE.jar;D:\maven\mavenReposiry\org\thymeleaf\thymeleaf-spring4\2.1.3.RELEASE\thymeleaf-spring4-2.1.3.RELEASE.jar;D:\maven\mavenReposiry\org\thymeleaf\thymeleaf\2.1.3.RELEASE\thymeleaf-2.1.3.RELEASE.jar;D:\maven\mavenReposiry\ognl\ognl\3.0.6\ognl-3.0.6.jar;D:\maven\mavenReposiry\org\unbescape\unbescape\1.0\unbescape-1.0.jar;D:\maven\mavenReposiry\nz\net\ultraq\thymeleaf\thymeleaf-layout-dialect\1.2.5\thymeleaf-layout-dialect-1.2.5.jar;D:\maven\mavenReposiry\org\springframework\boot\spring-boot-starter-web\1.1.6.RELEASE\spring-boot-starter-web-1.1.6.RELEASE.jar;D:\maven\mavenReposiry\org\springframework\boot\spring-boot-starter-tomcat\1.1.6.RELEASE\spring-boot-starter-tomcat-1.1.6.RELEASE.jar;D:\maven\mavenReposiry\org\apache\tomcat\embed\tomcat-embed-core\7.0.55\tomcat-embed-core-7.0.55.jar;D:\maven\mavenReposiry\org\apache\tomcat\embed\tomcat-embed-el\7.0.55\tomcat-embed-el-7.0.55.jar;D:\maven\mavenReposiry\org\apache\tomcat\embed\tomcat-embed-logging-juli\7.0.55\tomcat-embed-logging-juli-7.0.55.jar;D:\maven\mavenReposiry\com\fasterxml\jackson\core\jackson-databind\2.5.1\jackson-databind-2.5.1.jar;D:\maven\mavenReposiry\com\fasterxml\jackson\core\jackson-annotations\2.5.1\jackson-annotations-2.5.1.jar;D:\maven\mavenReposiry\org\hibernate\hibernate-validator\5.0.3.Final\hibernate-validator-5.0.3.Final.jar;D:\maven\mavenReposiry\javax\validation\validation-api\1.1.0.Final\validation-api-1.1.0.Final.jar;D:\maven\mavenReposiry\org\jboss\logging\jboss-logging\3.1.1.GA\jboss-logging-3.1.1.GA.jar;D:\maven\mavenReposiry\com\fasterxml\classmate\1.0.0\classmate-1.0.0.jar;D:\maven\mavenReposiry\org\springframework\spring-web\4.0.7.RELEASE\spring-web-4.0.7.RELEASE.jar;D:\maven\m
Launcher Type: SUN_STANDARD

Environment Variables:
JAVA_HOME=C:\Program Files\Java\jdk1.8.0_66
CLASSPATH=C:\Program Files\Java\jdk1.8.0_66\lib\tools.jar;C:\Program Files\Java\jdk1.8.0_66\lib\dt.jar;C:\Program Files\Java\jdk1.8.0_66\bin;
PATH=C:/Program Files/Java/jre1.8.0_66/bin/server;C:/Program Files/Java/jre1.8.0_66/bin;C:/Program Files/Java/jre1.8.0_66/lib/amd64;C:\ProgramData\Oracle\Java\javapath;C:\WINDOWS\system32;C:\WINDOWS;C:\WINDOWS\System32\Wbem;C:\WINDOWS\System32\WindowsPowerShell\v1.0\;D:\work_tools\TotoiseSVN\bin;D:\work_tools\ffmpeg-20180411-9825f77-win64-shared\bin;D:\work_tools\MinGW-64\mingw32\bin;D:\work_tools\cmake-3.11.0-win64-x64\bin;C:\Program Files\Java\jdk1.8.0_66\bin;C:\Program Files\dotnet\;C:\Program Files\Java\jdk1.8.0_66\jre\bin;C:\Users\thinkpad\AppData\Local\Microsoft\WindowsApps;;D:\work_tools\eclipse_64;
USERNAME=thinkpad
OS=Windows_NT
PROCESSOR_IDENTIFIER=Intel64 Family 6 Model 69 Stepping 1, GenuineIntel



---------------  S Y S T E M  ---------------

OS: Windows 10.0 , 64 bit Build 16299 (10.0.16299.15)

CPU:total 4 (2 cores per cpu, 2 threads per core) family 6 model 69 stepping 1, cmov, cx8, fxsr, mmx, sse, sse2, sse3, ssse3, sse4.1, sse4.2, popcnt, avx, avx2, aes, clmul, erms, lzcnt, ht, tsc, tscinvbit, bmi1, bmi2

Memory: 4k page, physical 8264508k(3571788k free), swap 10033980k(3458408k free)

vm_info: Java HotSpot(TM) 64-Bit Server VM (25.66-b18) for windows-amd64 JRE (1.8.0_66-b18), built on Nov  9 2015 10:51:13 by "java_re" with MS VC++ 10.0 (VS2010)

time: Mon Apr 23 18:25:06 2018
elapsed time: 112 seconds (0d 0h 1m 52s)

