#
# A fatal error has been detected by the Java Runtime Environment:
#
#  EXCEPTION_STACK_OVERFLOW (0xc00000fd) at pc=0x000000006cfccd66, pid=8732, tid=5624
#
# JRE version: Java(TM) SE Runtime Environment (8.0_66-b18) (build 1.8.0_66-b18)
# Java VM: Java HotSpot(TM) 64-Bit Server VM (25.66-b18 mixed mode windows-amd64 compressed oops)
# Problematic frame:
# C  [libFileCutUtil.dll+0xcd66]
#
# Failed to write core dump. Minidumps are not enabled by default on client versions of Windows
#
# If you would like to submit a bug report, please visit:
#   http://bugreport.java.com/bugreport/crash.jsp
# The crash happened outside the Java Virtual Machine in native code.
# See problematic frame for where to report the bug.
#

---------------  T H R E A D  ---------------

Current thread (0x000000001daf8000):  JavaThread "qtp327853004-32" [_thread_in_native, id=5624, stack(0x000000001fb60000,0x000000001fc60000)]

siginfo: ExceptionCode=0xc00000fd, ExceptionInformation=0x0000000000000001 0x000000001fb60e20 

Registers:
RAX=0x0000000000003d90, RBX=0x000000001e677b50, RCX=0x000000001fb60e20, RDX=0x000000001fc5cd60
RSP=0x000000001fc5ce08, RBP=0x000000001fc5cea0, RSI=0x0000000000003316, RDI=0x0000000000000000
R8 =0x000000000007f6c0, R9 =0x0000000000000200, R10=0x00007ff8b8120000, R11=0x0000000000000000
R12=0x000000000000065f, R13=0x000000001e677b70, R14=0x000000001fc5ce20, R15=0x0000000000000000
RIP=0x000000006cfccd66, EFLAGS=0x0000000000010202

Top of Stack: (sp=0x000000001fc5ce08)
0x000000001fc5ce08:   00000000000fed90 6da1cfe349830000
0x000000001fc5ce18:   000000006cfc2028 0000000000000000
0x000000001fc5ce28:   00007ff8b816cc18 0000000000000000
0x000000001fc5ce38:   000000001e677c38 000000001e677c9c
0x000000001fc5ce48:   000000000001bf26 00007ff80001fedb
0x000000001fc5ce58:   000000006cfd50b5 0000000000000001
0x000000001fc5ce68:   000000006cfc26a6 0000000000000000
0x000000001fc5ce78:   0000000000000000 00007ff8b81aeaa0
0x000000001fc5ce88:   000000001fc5cef0 000000001e677d10
0x000000001fc5ce98:   000000001e677b50 000000001e677620
0x000000001fc5cea8:   0000000000000000 0000000000000000
0x000000001fc5ceb8:   000000006cfc14be 000000006cfd5014
0x000000001fc5cec8:   000000001e677b70 00007ff8b81b4920
0x000000001fc5ced8:   000000001fc5cea0 0000000000000000
0x000000001fc5cee8:   000000001e677b70 001a000d00400036
0x000000001fc5cef8:   002e0017ffc0ffab ffb6ffa1003a0024 

Instructions: (pc=0x000000006cfccd66)
0x000000006cfccd46:   90 90 0f 1f 84 00 00 00 00 00 51 50 48 3d 00 10
0x000000006cfccd56:   00 00 48 8d 4c 24 18 72 19 48 81 e9 00 10 00 00
0x000000006cfccd66:   48 83 09 00 48 2d 00 10 00 00 48 3d 00 10 00 00
0x000000006cfccd76:   77 e7 48 29 c1 48 83 09 00 58 59 c3 90 90 90 90 


Register to memory mapping:

RAX=0x0000000000003d90 is an unknown value
RBX=0x000000001e677b50 is an unknown value
RCX=0x000000001fb60e20 is pointing into the stack for thread: 0x000000001daf8000
RDX=0x000000001fc5cd60 is pointing into the stack for thread: 0x000000001daf8000
RSP=0x000000001fc5ce08 is pointing into the stack for thread: 0x000000001daf8000
RBP=0x000000001fc5cea0 is pointing into the stack for thread: 0x000000001daf8000
RSI=0x0000000000003316 is an unknown value
RDI=0x0000000000000000 is an unknown value
R8 =0x000000000007f6c0 is an unknown value
R9 =0x0000000000000200 is an unknown value
R10=0x00007ff8b8120000 is an unknown value
R11=0x0000000000000000 is an unknown value
R12=0x000000000000065f is an unknown value
R13=0x000000001e677b70 is an unknown value
R14=0x000000001fc5ce20 is pointing into the stack for thread: 0x000000001daf8000
R15=0x0000000000000000 is an unknown value


Stack: [0x000000001fb60000,0x000000001fc60000],  sp=0x000000001fc5ce08,  free space=1011k
Native frames: (J=compiled Java code, j=interpreted, Vv=VM code, C=native code)
C  [libFileCutUtil.dll+0xcd66]

Java frames: (J=compiled Java code, j=interpreted, Vv=VM code)
j  com.speech.util.FileCutUtil.setFile([C[C[C)I+0
j  com.speech.controller.SpeechController.convert(Ljava/lang/Integer;)Lorg/springframework/web/servlet/ModelAndView;+155
v  ~StubRoutines::call_stub
J 2058  sun.reflect.NativeMethodAccessorImpl.invoke0(Ljava/lang/reflect/Method;Ljava/lang/Object;[Ljava/lang/Object;)Ljava/lang/Object; (0 bytes) @ 0x00000000054dcaff [0x00000000054dca80+0x7f]
J 2057 C1 sun.reflect.NativeMethodAccessorImpl.invoke(Ljava/lang/Object;[Ljava/lang/Object;)Ljava/lang/Object; (104 bytes) @ 0x00000000054dd284 [0x00000000054dcee0+0x3a4]
J 1127 C1 sun.reflect.DelegatingMethodAccessorImpl.invoke(Ljava/lang/Object;[Ljava/lang/Object;)Ljava/lang/Object; (10 bytes) @ 0x000000000530b87c [0x000000000530b820+0x5c]
J 1079 C1 java.lang.reflect.Method.invoke(Ljava/lang/Object;[Ljava/lang/Object;)Ljava/lang/Object; (62 bytes) @ 0x00000000052f6934 [0x00000000052f6820+0x114]
j  org.springframework.web.method.support.InvocableHandlerMethod.invoke([Ljava/lang/Object;)Ljava/lang/Object;+16
j  org.springframework.web.method.support.InvocableHandlerMethod.invokeForRequest(Lorg/springframework/web/context/request/NativeWebRequest;Lorg/springframework/web/method/support/ModelAndViewContainer;[Ljava/lang/Object;)Ljava/lang/Object;+96
j  org.springframework.web.servlet.mvc.method.annotation.ServletInvocableHandlerMethod.invokeAndHandle(Lorg/springframework/web/context/request/ServletWebRequest;Lorg/springframework/web/method/support/ModelAndViewContainer;[Ljava/lang/Object;)V+4
j  org.springframework.web.servlet.mvc.method.annotation.RequestMappingHandlerAdapter.invokeHandleMethod(Ljavax/servlet/http/HttpServletRequest;Ljavax/servlet/http/HttpServletResponse;Lorg/springframework/web/method/HandlerMethod;)Lorg/springframework/web/servlet/ModelAndView;+230
j  org.springframework.web.servlet.mvc.method.annotation.RequestMappingHandlerAdapter.handleInternal(Ljavax/servlet/http/HttpServletRequest;Ljavax/servlet/http/HttpServletResponse;Lorg/springframework/web/method/HandlerMethod;)Lorg/springframework/web/servlet/ModelAndView;+89
j  org.springframework.web.servlet.mvc.method.AbstractHandlerMethodAdapter.handle(Ljavax/servlet/http/HttpServletRequest;Ljavax/servlet/http/HttpServletResponse;Ljava/lang/Object;)Lorg/springframework/web/servlet/ModelAndView;+7
j  org.springframework.web.servlet.DispatcherServlet.doDispatch(Ljavax/servlet/http/HttpServletRequest;Ljavax/servlet/http/HttpServletResponse;)V+297
j  org.springframework.web.servlet.DispatcherServlet.doService(Ljavax/servlet/http/HttpServletRequest;Ljavax/servlet/http/HttpServletResponse;)V+301
j  org.springframework.web.servlet.FrameworkServlet.processRequest(Ljavax/servlet/http/HttpServletRequest;Ljavax/servlet/http/HttpServletResponse;)V+71
j  org.springframework.web.servlet.FrameworkServlet.doGet(Ljavax/servlet/http/HttpServletRequest;Ljavax/servlet/http/HttpServletResponse;)V+3
j  javax.servlet.http.HttpServlet.service(Ljavax/servlet/http/HttpServletRequest;Ljavax/servlet/http/HttpServletResponse;)V+35
j  org.springframework.web.servlet.FrameworkServlet.service(Ljavax/servlet/http/HttpServletRequest;Ljavax/servlet/http/HttpServletResponse;)V+32
j  javax.servlet.http.HttpServlet.service(Ljavax/servlet/ServletRequest;Ljavax/servlet/ServletResponse;)V+30
j  org.eclipse.jetty.servlet.ServletHolder.handle(Lorg/eclipse/jetty/server/Request;Ljavax/servlet/ServletRequest;Ljavax/servlet/ServletResponse;)V+217
j  org.eclipse.jetty.servlet.ServletHandler$CachedChain.doFilter(Ljavax/servlet/ServletRequest;Ljavax/servlet/ServletResponse;)V+237
j  org.springframework.web.filter.HiddenHttpMethodFilter.doFilterInternal(Ljavax/servlet/http/HttpServletRequest;Ljavax/servlet/http/HttpServletResponse;Ljavax/servlet/FilterChain;)V+71
j  org.springframework.web.filter.OncePerRequestFilter.doFilter(Ljavax/servlet/ServletRequest;Ljavax/servlet/ServletResponse;Ljavax/servlet/FilterChain;)V+111
j  org.eclipse.jetty.servlet.ServletHandler$CachedChain.doFilter(Ljavax/servlet/ServletRequest;Ljavax/servlet/ServletResponse;)V+100
j  org.eclipse.jetty.servlet.ServletHandler.doHandle(Ljava/lang/String;Lorg/eclipse/jetty/server/Request;Ljavax/servlet/http/HttpServletRequest;Ljavax/servlet/http/HttpServletResponse;)V+200
j  org.eclipse.jetty.server.handler.ScopedHandler.handle(Ljava/lang/String;Lorg/eclipse/jetty/server/Request;Ljavax/servlet/http/HttpServletRequest;Ljavax/servlet/http/HttpServletResponse;)V+25
j  org.eclipse.jetty.security.SecurityHandler.handle(Ljava/lang/String;Lorg/eclipse/jetty/server/Request;Ljavax/servlet/http/HttpServletRequest;Ljavax/servlet/http/HttpServletResponse;)V+540
j  org.eclipse.jetty.server.session.SessionHandler.doHandle(Ljava/lang/String;Lorg/eclipse/jetty/server/Request;Ljavax/servlet/http/HttpServletRequest;Ljavax/servlet/http/HttpServletResponse;)V+68
j  org.eclipse.jetty.server.handler.ContextHandler.doHandle(Ljava/lang/String;Lorg/eclipse/jetty/server/Request;Ljavax/servlet/http/HttpServletRequest;Ljavax/servlet/http/HttpServletResponse;)V+206
j  org.eclipse.jetty.servlet.ServletHandler.doScope(Ljava/lang/String;Lorg/eclipse/jetty/server/Request;Ljavax/servlet/http/HttpServletRequest;Ljavax/servlet/http/HttpServletResponse;)V+277
j  org.eclipse.jetty.server.session.SessionHandler.doScope(Ljava/lang/String;Lorg/eclipse/jetty/server/Request;Ljavax/servlet/http/HttpServletRequest;Ljavax/servlet/http/HttpServletResponse;)V+233
j  org.eclipse.jetty.server.handler.ContextHandler.doScope(Ljava/lang/String;Lorg/eclipse/jetty/server/Request;Ljavax/servlet/http/HttpServletRequest;Ljavax/servlet/http/HttpServletResponse;)V+437
j  org.eclipse.jetty.server.handler.ScopedHandler.handle(Ljava/lang/String;Lorg/eclipse/jetty/server/Request;Ljavax/servlet/http/HttpServletRequest;Ljavax/servlet/http/HttpServletResponse;)V+13
j  org.eclipse.jetty.server.handler.HandlerWrapper.handle(Ljava/lang/String;Lorg/eclipse/jetty/server/Request;Ljavax/servlet/http/HttpServletRequest;Ljavax/servlet/http/HttpServletResponse;)V+23
j  org.eclipse.jetty.server.Server.handle(Lorg/eclipse/jetty/server/AbstractHttpConnection;)V+146
j  org.eclipse.jetty.server.AbstractHttpConnection.handleRequest()V+328
j  org.eclipse.jetty.server.AbstractHttpConnection.headerComplete()V+472
j  org.eclipse.jetty.server.AbstractHttpConnection$RequestHandler.headerComplete()V+4
j  org.eclipse.jetty.http.HttpParser.parseNext()I+2142
j  org.eclipse.jetty.http.HttpParser.parseAvailable()Z+1
j  org.eclipse.jetty.server.AsyncHttpConnection.handle()Lorg/eclipse/jetty/io/Connection;+80
j  org.eclipse.jetty.io.nio.SelectChannelEndPoint.handle()V+10
j  org.eclipse.jetty.io.nio.SelectChannelEndPoint$1.run()V+4
j  org.eclipse.jetty.util.thread.QueuedThreadPool.runJob(Ljava/lang/Runnable;)V+1
j  org.eclipse.jetty.util.thread.QueuedThreadPool$3.run()V+47
j  java.lang.Thread.run()V+11
v  ~StubRoutines::call_stub

---------------  P R O C E S S  ---------------

Java Threads: ( => current thread )
  0x000000001daf9000 JavaThread "DestroyJavaVM" [_thread_blocked, id=9108, stack(0x0000000004df0000,0x0000000004ef0000)]
  0x000000001daf7800 JavaThread "qtp327853004-33" [_thread_blocked, id=7152, stack(0x000000001fc60000,0x000000001fd60000)]
=>0x000000001daf8000 JavaThread "qtp327853004-32" [_thread_in_native, id=5624, stack(0x000000001fb60000,0x000000001fc60000)]
  0x000000001dafe000 JavaThread "qtp327853004-31" [_thread_blocked, id=11776, stack(0x000000001fa60000,0x000000001fb60000)]
  0x000000001dafc800 JavaThread "qtp327853004-30" [_thread_blocked, id=9348, stack(0x000000001f960000,0x000000001fa60000)]
  0x000000001daf9800 JavaThread "qtp327853004-29 Selector0" [_thread_in_native, id=10096, stack(0x000000001f860000,0x000000001f960000)]
  0x000000001dafc000 JavaThread "qtp327853004-28" [_thread_blocked, id=4656, stack(0x000000001f760000,0x000000001f860000)]
  0x000000001dafd800 JavaThread "qtp327853004-27 Acceptor0 SelectChannelConnector@0.0.0.0:8080" [_thread_in_native, id=1388, stack(0x000000001f660000,0x000000001f760000)]
  0x000000001daf6800 JavaThread "qtp327853004-26" [_thread_blocked, id=9020, stack(0x000000001f560000,0x000000001f660000)]
  0x000000001d95c000 JavaThread "HashSessionScavenger-0" daemon [_thread_blocked, id=544, stack(0x000000001f260000,0x000000001f360000)]
  0x000000001d6bd800 JavaThread "C3P0PooledConnectionPoolManager[identityToken->1hge13h9u1v5x9jd1oxrrdt|7e94d093]-HelperThread-#2" daemon [_thread_blocked, id=11856, stack(0x000000001eb60000,0x000000001ec60000)]
  0x000000001d6ba800 JavaThread "C3P0PooledConnectionPoolManager[identityToken->1hge13h9u1v5x9jd1oxrrdt|7e94d093]-HelperThread-#1" daemon [_thread_blocked, id=3212, stack(0x000000001ea60000,0x000000001eb60000)]
  0x000000001d6b8800 JavaThread "C3P0PooledConnectionPoolManager[identityToken->1hge13h9u1v5x9jd1oxrrdt|7e94d093]-HelperThread-#0" daemon [_thread_blocked, id=7884, stack(0x000000001e960000,0x000000001ea60000)]
  0x000000001d665800 JavaThread "C3P0PooledConnectionPoolManager[identityToken->1hge13h9u1v5x9jd1oxrrdt|7e94d093]-AdminTaskTimer" daemon [_thread_blocked, id=7284, stack(0x000000001e860000,0x000000001e960000)]
  0x000000001d65f800 JavaThread "Abandoned connection cleanup thread" daemon [_thread_blocked, id=3796, stack(0x000000001e760000,0x000000001e860000)]
  0x000000001c071000 JavaThread "RMI TCP Accept-0" daemon [_thread_in_native, id=7428, stack(0x000000001c780000,0x000000001c880000)]
  0x000000001bf07000 JavaThread "RMI TCP Accept-53870" daemon [_thread_in_native, id=6280, stack(0x000000001c680000,0x000000001c780000)]
  0x000000001c016800 JavaThread "RMI TCP Accept-0" daemon [_thread_in_native, id=11844, stack(0x000000001c580000,0x000000001c680000)]
  0x000000001b038800 JavaThread "Service Thread" daemon [_thread_blocked, id=11212, stack(0x000000001bc80000,0x000000001bd80000)]
  0x0000000019b6e000 JavaThread "C1 CompilerThread2" daemon [_thread_blocked, id=9536, stack(0x000000001bb80000,0x000000001bc80000)]
  0x0000000019b5b000 JavaThread "C2 CompilerThread1" daemon [_thread_blocked, id=11868, stack(0x000000001ba80000,0x000000001bb80000)]
  0x0000000019b55000 JavaThread "C2 CompilerThread0" daemon [_thread_blocked, id=10684, stack(0x000000001b980000,0x000000001ba80000)]
  0x0000000019b48000 JavaThread "JDWP Command Reader" daemon [_thread_in_native, id=12124, stack(0x000000001b880000,0x000000001b980000)]
  0x0000000019b46800 JavaThread "JDWP Event Helper Thread" daemon [_thread_blocked, id=7476, stack(0x000000001b780000,0x000000001b880000)]
  0x0000000019b39000 JavaThread "JDWP Transport Listener: dt_socket" daemon [_thread_blocked, id=11292, stack(0x000000001b680000,0x000000001b780000)]
  0x0000000019b2c800 JavaThread "Attach Listener" daemon [_thread_blocked, id=9164, stack(0x000000001b480000,0x000000001b580000)]
  0x000000001afc3800 JavaThread "Signal Dispatcher" daemon [_thread_blocked, id=3884, stack(0x000000001b380000,0x000000001b480000)]
  0x0000000004fea800 JavaThread "Finalizer" daemon [_thread_blocked, id=6836, stack(0x000000001ad80000,0x000000001ae80000)]
  0x0000000004fe2000 JavaThread "Reference Handler" daemon [_thread_blocked, id=11764, stack(0x000000001ac80000,0x000000001ad80000)]

Other Threads:
  0x0000000019ad7800 VMThread [stack: 0x000000001ab80000,0x000000001ac80000] [id=7888]
  0x000000001c07e000 WatcherThread [stack: 0x000000001c880000,0x000000001c980000] [id=11308]

VM state:not at safepoint (normal execution)

VM Mutex/Monitor currently owned by a thread: None

Heap:
 PSYoungGen      total 210944K, used 38029K [0x00000000d5f80000, 0x00000000e9180000, 0x0000000100000000)
  eden space 194048K, 19% used [0x00000000d5f80000,0x00000000d84a35d8,0x00000000e1d00000)
  from space 16896K, 0% used [0x00000000e1d00000,0x00000000e1d00000,0x00000000e2d80000)
  to   space 17408K, 0% used [0x00000000e8080000,0x00000000e8080000,0x00000000e9180000)
 ParOldGen       total 86016K, used 22876K [0x0000000081e00000, 0x0000000087200000, 0x00000000d5f80000)
  object space 86016K, 26% used [0x0000000081e00000,0x00000000834573f0,0x0000000087200000)
 Metaspace       used 36634K, capacity 36922K, committed 37208K, reserved 1081344K
  class space    used 4640K, capacity 4723K, committed 4736K, reserved 1048576K

Card table byte_map: [0x00000000143b0000,0x00000000147b0000] byte_map_base: 0x0000000013fa1000

Marking Bits: (ParMarkBitMap*) 0x00000000593ba5b0
 Begin Bits: [0x0000000014e60000, 0x0000000016de8000)
 End Bits:   [0x0000000016de8000, 0x0000000018d70000)

Polling page: 0x0000000004830000

CodeCache: size=245760Kb used=8921Kb max_used=8921Kb free=236838Kb
 bounds [0x0000000004ff0000, 0x00000000058b0000, 0x0000000013ff0000]
 total_blobs=4488 nmethods=3987 adapters=420
 compilation: enabled

Compilation events (10 events):
Event: 27.465 Thread 0x0000000019b6e000 4067       1       java.io.FileDescriptor::access$002 (7 bytes)
Event: 27.465 Thread 0x0000000019b6e000 nmethod 4067 0x00000000058a7a90 code [0x00000000058a7be0, 0x00000000058a7cd0]
Event: 28.438 Thread 0x0000000019b6e000 4068       1       org.eclipse.jetty.util.thread.Timeout::setNow (6 bytes)
Event: 28.439 Thread 0x0000000019b6e000 nmethod 4068 0x00000000058a7d50 code [0x00000000058a7ea0, 0x00000000058a7fd0]
Event: 29.852 Thread 0x0000000019b6e000 4069  s    1       java.util.TimeZone::getTimeZone (6 bytes)
Event: 29.854 Thread 0x0000000019b6e000 nmethod 4069 0x00000000058a8050 code [0x00000000058a81e0, 0x00000000058a85a8]
Event: 29.854 Thread 0x0000000019b6e000 4070       1       java.lang.Long::toString (52 bytes)
Event: 29.855 Thread 0x0000000019b6e000 nmethod 4070 0x00000000058a8710 code [0x00000000058a8880, 0x00000000058a8b28]
Event: 32.440 Thread 0x0000000019b6e000 4071       1       java.util.concurrent.ConcurrentLinkedQueue::updateHead (20 bytes)
Event: 32.441 Thread 0x0000000019b6e000 nmethod 4071 0x00000000058a8c50 code [0x00000000058a8da0, 0x00000000058a8f30]

GC Heap History (10 events):
Event: 2.364 GC heap before
{Heap before GC invocations=7 (full 1):
 PSYoungGen      total 140288K, used 8692K [0x00000000d5f80000, 0x00000000df580000, 0x0000000100000000)
  eden space 131584K, 0% used [0x00000000d5f80000,0x00000000d5f80000,0x00000000de000000)
  from space 8704K, 99% used [0x00000000dea00000,0x00000000df27d100,0x00000000df280000)
  to   space 10240K, 0% used [0x00000000de000000,0x00000000de000000,0x00000000dea00000)
 ParOldGen       total 87552K, used 5479K [0x0000000081e00000, 0x0000000087380000, 0x00000000d5f80000)
  object space 87552K, 6% used [0x0000000081e00000,0x0000000082359e20,0x0000000087380000)
 Metaspace       used 20886K, capacity 21076K, committed 21248K, reserved 1067008K
  class space    used 2712K, capacity 2764K, committed 2816K, reserved 1048576K
Event: 2.410 GC heap after
Heap after GC invocations=7 (full 1):
 PSYoungGen      total 140288K, used 0K [0x00000000d5f80000, 0x00000000df580000, 0x0000000100000000)
  eden space 131584K, 0% used [0x00000000d5f80000,0x00000000d5f80000,0x00000000de000000)
  from space 8704K, 0% used [0x00000000dea00000,0x00000000dea00000,0x00000000df280000)
  to   space 10240K, 0% used [0x00000000de000000,0x00000000de000000,0x00000000dea00000)
 ParOldGen       total 59904K, used 9522K [0x0000000081e00000, 0x0000000085880000, 0x00000000d5f80000)
  object space 59904K, 15% used [0x0000000081e00000,0x000000008274cb30,0x0000000085880000)
 Metaspace       used 20886K, capacity 21076K, committed 21248K, reserved 1067008K
  class space    used 2712K, capacity 2764K, committed 2816K, reserved 1048576K
}
Event: 3.531 GC heap before
{Heap before GC invocations=8 (full 1):
 PSYoungGen      total 140288K, used 131584K [0x00000000d5f80000, 0x00000000df580000, 0x0000000100000000)
  eden space 131584K, 100% used [0x00000000d5f80000,0x00000000de000000,0x00000000de000000)
  from space 8704K, 0% used [0x00000000dea00000,0x00000000dea00000,0x00000000df280000)
  to   space 10240K, 0% used [0x00000000de000000,0x00000000de000000,0x00000000dea00000)
 ParOldGen       total 59904K, used 9522K [0x0000000081e00000, 0x0000000085880000, 0x00000000d5f80000)
  object space 59904K, 15% used [0x0000000081e00000,0x000000008274cb30,0x0000000085880000)
 Metaspace       used 28469K, capacity 28686K, committed 29056K, reserved 1075200K
  class space    used 3593K, capacity 3643K, committed 3712K, reserved 1048576K
Event: 3.541 GC heap after
Heap after GC invocations=8 (full 1):
 PSYoungGen      total 141824K, used 10218K [0x00000000d5f80000, 0x00000000e3c80000, 0x0000000100000000)
  eden space 131584K, 0% used [0x00000000d5f80000,0x00000000d5f80000,0x00000000de000000)
  from space 10240K, 99% used [0x00000000de000000,0x00000000de9fabb8,0x00000000dea00000)
  to   space 12288K, 0% used [0x00000000e3080000,0x00000000e3080000,0x00000000e3c80000)
 ParOldGen       total 59904K, used 10909K [0x0000000081e00000, 0x0000000085880000, 0x00000000d5f80000)
  object space 59904K, 18% used [0x0000000081e00000,0x00000000828a7598,0x0000000085880000)
 Metaspace       used 28469K, capacity 28686K, committed 29056K, reserved 1075200K
  class space    used 3593K, capacity 3643K, committed 3712K, reserved 1048576K
}
Event: 9.179 GC heap before
{Heap before GC invocations=9 (full 1):
 PSYoungGen      total 141824K, used 141802K [0x00000000d5f80000, 0x00000000e3c80000, 0x0000000100000000)
  eden space 131584K, 100% used [0x00000000d5f80000,0x00000000de000000,0x00000000de000000)
  from space 10240K, 99% used [0x00000000de000000,0x00000000de9fabb8,0x00000000dea00000)
  to   space 12288K, 0% used [0x00000000e3080000,0x00000000e3080000,0x00000000e3c80000)
 ParOldGen       total 59904K, used 10909K [0x0000000081e00000, 0x0000000085880000, 0x00000000d5f80000)
  object space 59904K, 18% used [0x0000000081e00000,0x00000000828a7598,0x0000000085880000)
 Metaspace       used 33967K, capacity 34304K, committed 34688K, reserved 1079296K
  class space    used 4303K, capacity 4404K, committed 4480K, reserved 1048576K
Event: 9.199 GC heap after
Heap after GC invocations=9 (full 1):
 PSYoungGen      total 206336K, used 12282K [0x00000000d5f80000, 0x00000000e3e00000, 0x0000000100000000)
  eden space 194048K, 0% used [0x00000000d5f80000,0x00000000d5f80000,0x00000000e1d00000)
  from space 12288K, 99% used [0x00000000e3080000,0x00000000e3c7e9f0,0x00000000e3c80000)
  to   space 16896K, 0% used [0x00000000e1d00000,0x00000000e1d00000,0x00000000e2d80000)
 ParOldGen       total 59904K, used 17447K [0x0000000081e00000, 0x0000000085880000, 0x00000000d5f80000)
  object space 59904K, 29% used [0x0000000081e00000,0x0000000082f09f10,0x0000000085880000)
 Metaspace       used 33967K, capacity 34304K, committed 34688K, reserved 1079296K
  class space    used 4303K, capacity 4404K, committed 4480K, reserved 1048576K
}
Event: 9.275 GC heap before
{Heap before GC invocations=10 (full 1):
 PSYoungGen      total 206336K, used 19339K [0x00000000d5f80000, 0x00000000e3e00000, 0x0000000100000000)
  eden space 194048K, 3% used [0x00000000d5f80000,0x00000000d6664590,0x00000000e1d00000)
  from space 12288K, 99% used [0x00000000e3080000,0x00000000e3c7e9f0,0x00000000e3c80000)
  to   space 16896K, 0% used [0x00000000e1d00000,0x00000000e1d00000,0x00000000e2d80000)
 ParOldGen       total 59904K, used 17447K [0x0000000081e00000, 0x0000000085880000, 0x00000000d5f80000)
  object space 59904K, 29% used [0x0000000081e00000,0x0000000082f09f10,0x0000000085880000)
 Metaspace       used 34708K, capacity 35072K, committed 35416K, reserved 1081344K
  class space    used 4386K, capacity 4468K, committed 4480K, reserved 1048576K
Event: 9.288 GC heap after
Heap after GC invocations=10 (full 1):
 PSYoungGen      total 210944K, used 12662K [0x00000000d5f80000, 0x00000000e9180000, 0x0000000100000000)
  eden space 194048K, 0% used [0x00000000d5f80000,0x00000000d5f80000,0x00000000e1d00000)
  from space 16896K, 74% used [0x00000000e1d00000,0x00000000e295d9b0,0x00000000e2d80000)
  to   space 17408K, 0% used [0x00000000e8080000,0x00000000e8080000,0x00000000e9180000)
 ParOldGen       total 59904K, used 17455K [0x0000000081e00000, 0x0000000085880000, 0x00000000d5f80000)
  object space 59904K, 29% used [0x0000000081e00000,0x0000000082f0bf10,0x0000000085880000)
 Metaspace       used 34708K, capacity 35072K, committed 35416K, reserved 1081344K
  class space    used 4386K, capacity 4468K, committed 4480K, reserved 1048576K
}
Event: 9.288 GC heap before
{Heap before GC invocations=11 (full 2):
 PSYoungGen      total 210944K, used 12662K [0x00000000d5f80000, 0x00000000e9180000, 0x0000000100000000)
  eden space 194048K, 0% used [0x00000000d5f80000,0x00000000d5f80000,0x00000000e1d00000)
  from space 16896K, 74% used [0x00000000e1d00000,0x00000000e295d9b0,0x00000000e2d80000)
  to   space 17408K, 0% used [0x00000000e8080000,0x00000000e8080000,0x00000000e9180000)
 ParOldGen       total 59904K, used 17455K [0x0000000081e00000, 0x0000000085880000, 0x00000000d5f80000)
  object space 59904K, 29% used [0x0000000081e00000,0x0000000082f0bf10,0x0000000085880000)
 Metaspace       used 34708K, capacity 35072K, committed 35416K, reserved 1081344K
  class space    used 4386K, capacity 4468K, committed 4480K, reserved 1048576K
Event: 9.355 GC heap after
Heap after GC invocations=11 (full 2):
 PSYoungGen      total 210944K, used 0K [0x00000000d5f80000, 0x00000000e9180000, 0x0000000100000000)
  eden space 194048K, 0% used [0x00000000d5f80000,0x00000000d5f80000,0x00000000e1d00000)
  from space 16896K, 0% used [0x00000000e1d00000,0x00000000e1d00000,0x00000000e2d80000)
  to   space 17408K, 0% used [0x00000000e8080000,0x00000000e8080000,0x00000000e9180000)
 ParOldGen       total 86016K, used 22876K [0x0000000081e00000, 0x0000000087200000, 0x00000000d5f80000)
  object space 86016K, 26% used [0x0000000081e00000,0x00000000834573f0,0x0000000087200000)
 Metaspace       used 34704K, capacity 35066K, committed 35416K, reserved 1081344K
  class space    used 4386K, capacity 4467K, committed 4480K, reserved 1048576K
}

Deoptimization events (0 events):
No events

Internal exceptions (10 events):
Event: 9.260 Thread 0x000000001dafc000 Exception <a 'java/lang/ArrayIndexOutOfBoundsException'> (0x00000000d6463fe0) thrown at [C:\re\workspace\8-2-build-windows-amd64-cygwin\jdk8u66\5298\hotspot\src\share\vm\runtime\sharedRuntime.cpp, line 605]
Event: 9.260 Thread 0x000000001dafc000 Exception <a 'java/lang/ArrayIndexOutOfBoundsException'> (0x00000000d6466bc8) thrown at [C:\re\workspace\8-2-build-windows-amd64-cygwin\jdk8u66\5298\hotspot\src\share\vm\runtime\sharedRuntime.cpp, line 605]
Event: 9.261 Thread 0x000000001dafc000 Exception <a 'java/lang/ArrayIndexOutOfBoundsException'> (0x00000000d64ac460) thrown at [C:\re\workspace\8-2-build-windows-amd64-cygwin\jdk8u66\5298\hotspot\src\share\vm\runtime\sharedRuntime.cpp, line 605]
Event: 9.610 Thread 0x000000001dafe000 Exception <a 'java/lang/ArrayIndexOutOfBoundsException'> (0x00000000d6cf5508) thrown at [C:\re\workspace\8-2-build-windows-amd64-cygwin\jdk8u66\5298\hotspot\src\share\vm\runtime\sharedRuntime.cpp, line 605]
Event: 9.610 Thread 0x000000001dafc800 Exception <a 'java/lang/ArrayIndexOutOfBoundsException'> (0x00000000d6c16748) thrown at [C:\re\workspace\8-2-build-windows-amd64-cygwin\jdk8u66\5298\hotspot\src\share\vm\runtime\sharedRuntime.cpp, line 605]
Event: 9.610 Thread 0x000000001daf6800 Exception <a 'java/lang/ArrayIndexOutOfBoundsException'> (0x00000000d6d678e0) thrown at [C:\re\workspace\8-2-build-windows-amd64-cygwin\jdk8u66\5298\hotspot\src\share\vm\runtime\sharedRuntime.cpp, line 605]
Event: 9.610 Thread 0x000000001dafc800 Exception <a 'java/lang/ArrayIndexOutOfBoundsException'> (0x00000000d6c181b0) thrown at [C:\re\workspace\8-2-build-windows-amd64-cygwin\jdk8u66\5298\hotspot\src\share\vm\runtime\sharedRuntime.cpp, line 605]
Event: 9.610 Thread 0x000000001daf6800 Exception <a 'java/lang/ArrayIndexOutOfBoundsException'> (0x00000000d6d69348) thrown at [C:\re\workspace\8-2-build-windows-amd64-cygwin\jdk8u66\5298\hotspot\src\share\vm\runtime\sharedRuntime.cpp, line 605]
Event: 9.610 Thread 0x000000001daf8000 Exception <a 'java/lang/ArrayIndexOutOfBoundsException'> (0x00000000d6e28990) thrown at [C:\re\workspace\8-2-build-windows-amd64-cygwin\jdk8u66\5298\hotspot\src\share\vm\runtime\sharedRuntime.cpp, line 605]
Event: 9.610 Thread 0x000000001dafe000 Exception <a 'java/lang/ArrayIndexOutOfBoundsException'> (0x00000000d6cf6ff8) thrown at [C:\re\workspace\8-2-build-windows-amd64-cygwin\jdk8u66\5298\hotspot\src\share\vm\runtime\sharedRuntime.cpp, line 605]

Events (10 events):
Event: 32.513 Executing VM operation: GetCurrentLocation
Event: 32.513 Executing VM operation: GetCurrentLocation done
Event: 32.513 Executing VM operation: ChangeSingleStep
Event: 32.513 Executing VM operation: ChangeSingleStep done
Event: 32.514 Executing VM operation: ChangeSingleStep
Event: 32.514 Executing VM operation: ChangeSingleStep done
Event: 32.514 Executing VM operation: GetCurrentLocation
Event: 32.514 Executing VM operation: GetCurrentLocation done
Event: 32.514 Executing VM operation: ChangeSingleStep
Event: 32.514 Executing VM operation: ChangeSingleStep done


Dynamic libraries:
0x00007ff742cb0000 - 0x00007ff742ce7000 	C:\Program Files\Java\jre1.8.0_66\bin\javaw.exe
0x00007ff8bab00000 - 0x00007ff8bace0000 	C:\WINDOWS\SYSTEM32\ntdll.dll
0x00007ff8b8730000 - 0x00007ff8b87de000 	C:\WINDOWS\System32\KERNEL32.DLL
0x00007ff8b7a70000 - 0x00007ff8b7cd6000 	C:\WINDOWS\System32\KERNELBASE.dll
0x00007ff8ba7d0000 - 0x00007ff8ba871000 	C:\WINDOWS\System32\ADVAPI32.dll
0x00007ff8b8120000 - 0x00007ff8b81bd000 	C:\WINDOWS\System32\msvcrt.dll
0x00007ff8b9160000 - 0x00007ff8b91bb000 	C:\WINDOWS\System32\sechost.dll
0x00007ff8b81c0000 - 0x00007ff8b82df000 	C:\WINDOWS\System32\RPCRT4.dll
0x00007ff8b8920000 - 0x00007ff8b8aaf000 	C:\WINDOWS\System32\USER32.dll
0x00007ff8b7fb0000 - 0x00007ff8b7fd0000 	C:\WINDOWS\System32\win32u.dll
0x00007ff8ba880000 - 0x00007ff8ba8a8000 	C:\WINDOWS\System32\GDI32.dll
0x00007ff8b6f00000 - 0x00007ff8b7093000 	C:\WINDOWS\System32\gdi32full.dll
0x00007ff8b7f10000 - 0x00007ff8b7fab000 	C:\WINDOWS\System32\msvcp_win.dll
0x00007ff8b7d90000 - 0x00007ff8b7e86000 	C:\WINDOWS\System32\ucrtbase.dll
0x00007ff8a9590000 - 0x00007ff8a97f9000 	C:\WINDOWS\WinSxS\amd64_microsoft.windows.common-controls_6595b64144ccf1df_6.0.16299.371_none_15c7d1789365a290\COMCTL32.dll
0x00007ff8b8df0000 - 0x00007ff8b90f8000 	C:\WINDOWS\System32\combase.dll
0x00007ff8b7e90000 - 0x00007ff8b7f02000 	C:\WINDOWS\System32\bcryptPrimitives.dll
0x00007ff8b8ab0000 - 0x00007ff8b8add000 	C:\WINDOWS\System32\IMM32.DLL
0x0000000058ad0000 - 0x0000000058ba2000 	C:\Program Files\Java\jre1.8.0_66\bin\msvcr100.dll
0x0000000058bb0000 - 0x0000000059439000 	C:\Program Files\Java\jre1.8.0_66\bin\server\jvm.dll
0x00007ff8b8ae0000 - 0x00007ff8b8ae8000 	C:\WINDOWS\System32\PSAPI.DLL
0x00007ff8b3ea0000 - 0x00007ff8b3ea9000 	C:\WINDOWS\SYSTEM32\WSOCK32.dll
0x00007ff8ba8b0000 - 0x00007ff8ba91c000 	C:\WINDOWS\System32\WS2_32.dll
0x00007ff8b3c80000 - 0x00007ff8b3ca3000 	C:\WINDOWS\SYSTEM32\WINMM.dll
0x00007ff8abf70000 - 0x00007ff8abf7a000 	C:\WINDOWS\SYSTEM32\VERSION.dll
0x00007ff8b3c20000 - 0x00007ff8b3c4a000 	C:\WINDOWS\SYSTEM32\WINMMBASE.dll
0x00007ff8b70a0000 - 0x00007ff8b70ea000 	C:\WINDOWS\System32\cfgmgr32.dll
0x0000000058ac0000 - 0x0000000058acf000 	C:\Program Files\Java\jre1.8.0_66\bin\verify.dll
0x0000000058a90000 - 0x0000000058ab9000 	C:\Program Files\Java\jre1.8.0_66\bin\java.dll
0x0000000058730000 - 0x0000000058765000 	C:\Program Files\Java\jre1.8.0_66\bin\jdwp.dll
0x0000000058720000 - 0x0000000058728000 	C:\Program Files\Java\jre1.8.0_66\bin\npt.dll
0x0000000058a70000 - 0x0000000058a86000 	C:\Program Files\Java\jre1.8.0_66\bin\zip.dll
0x00007ff8b9370000 - 0x00007ff8ba7a6000 	C:\WINDOWS\System32\SHELL32.dll
0x00007ff8b8c60000 - 0x00007ff8b8d06000 	C:\WINDOWS\System32\shcore.dll
0x00007ff8b72c0000 - 0x00007ff8b7a07000 	C:\WINDOWS\System32\windows.storage.dll
0x00007ff8b87e0000 - 0x00007ff8b8831000 	C:\WINDOWS\System32\shlwapi.dll
0x00007ff8b6ee0000 - 0x00007ff8b6ef1000 	C:\WINDOWS\System32\kernel.appcore.dll
0x00007ff8b6e50000 - 0x00007ff8b6e9c000 	C:\WINDOWS\System32\powrprof.dll
0x00007ff8b6ec0000 - 0x00007ff8b6edb000 	C:\WINDOWS\System32\profapi.dll
0x0000000058710000 - 0x0000000058719000 	C:\Program Files\Java\jre1.8.0_66\bin\dt_socket.dll
0x00007ff8a8af0000 - 0x00007ff8a8b06000 	C:\WINDOWS\system32\napinsp.dll
0x00007ff8a8a10000 - 0x00007ff8a8a2a000 	C:\WINDOWS\system32\pnrpnsp.dll
0x00007ff8b3e80000 - 0x00007ff8b3e98000 	C:\WINDOWS\system32\NLAapi.dll
0x00007ff8b66b0000 - 0x00007ff8b6716000 	C:\WINDOWS\System32\mswsock.dll
0x00007ff8b6480000 - 0x00007ff8b6536000 	C:\WINDOWS\SYSTEM32\DNSAPI.dll
0x00007ff8b9360000 - 0x00007ff8b9368000 	C:\WINDOWS\System32\NSI.dll
0x00007ff8b6440000 - 0x00007ff8b6479000 	C:\WINDOWS\SYSTEM32\IPHLPAPI.DLL
0x00007ff8a89d0000 - 0x00007ff8a89de000 	C:\WINDOWS\System32\winrnr.dll
0x00007ff8a89b0000 - 0x00007ff8a89c5000 	C:\WINDOWS\System32\wshbth.dll
0x00007ff8ad4a0000 - 0x00007ff8ad510000 	C:\WINDOWS\System32\fwpuclnt.dll
0x00007ff8b6980000 - 0x00007ff8b69a5000 	C:\WINDOWS\SYSTEM32\bcrypt.dll
0x00007ff8ad420000 - 0x00007ff8ad42a000 	C:\Windows\System32\rasadhlp.dll
0x0000000058700000 - 0x000000005870d000 	C:\Program Files\Java\jre1.8.0_66\bin\management.dll
0x0000000058a50000 - 0x0000000058a6a000 	C:\Program Files\Java\jre1.8.0_66\bin\net.dll
0x0000000058a30000 - 0x0000000058a41000 	C:\Program Files\Java\jre1.8.0_66\bin\nio.dll
0x00007ff8b6870000 - 0x00007ff8b6887000 	C:\WINDOWS\SYSTEM32\CRYPTSP.dll
0x00007ff8b62b0000 - 0x00007ff8b62e3000 	C:\WINDOWS\system32\rsaenh.dll
0x00007ff8b6d80000 - 0x00007ff8b6da9000 	C:\WINDOWS\SYSTEM32\USERENV.dll
0x00007ff8b6890000 - 0x00007ff8b689b000 	C:\WINDOWS\SYSTEM32\CRYPTBASE.dll
0x00007ff8aeb20000 - 0x00007ff8aeb36000 	C:\WINDOWS\SYSTEM32\dhcpcsvc6.DLL
0x00007ff8aeca0000 - 0x00007ff8aecba000 	C:\WINDOWS\SYSTEM32\dhcpcsvc.DLL
0x0000000061440000 - 0x000000006145a000 	D:\sdk_demo\SpeechRecognition\libgcc_s_seh-1.dll
0x0000000064940000 - 0x0000000064955000 	D:\sdk_demo\SpeechRecognition\libwinpthread-1.dll
0x000000006fc40000 - 0x000000006fda5000 	D:\sdk_demo\SpeechRecognition\libstdc++-6.dll
0x000000006cfc0000 - 0x000000006cfe8000 	D:\sdk_demo\SpeechRecognition\libFileCutUtil.dll
0x00007ff8a9860000 - 0x00007ff8a9a28000 	C:\WINDOWS\SYSTEM32\dbghelp.dll

VM Arguments:
jvm_args: -agentlib:jdwp=transport=dt_socket,suspend=y,address=localhost:53871 -Dcom.sun.management.jmxremote -Dcom.sun.management.jmxremote.port=53870 -Dcom.sun.management.jmxremote.authenticate=false -Dcom.sun.management.jmxremote.ssl=false -Djava.rmi.server.hostname=localhost -Dspring.liveBeansView.mbeanDomain -Dspring.application.admin.enabled=true -Djava.library.path=D:\sdk_demo\SpeechRecognition;D:\sdk_demo\SpeechRecognition;D:\sdk_demo\SpeechRecognition;D:\sdk_demo\SpeechRecognition -Xverify:none -XX:TieredStopAtLevel=1 -Dfile.encoding=UTF-8 
java_command: com.speech.SpeechServer
java_class_path (initial): D:\sdk_demo\SpeechRecognition\target\classes;D:\maven\mavenReposiry\org\springframework\boot\spring-boot-starter-thymeleaf\1.1.6.RELEASE\spring-boot-starter-thymeleaf-1.1.6.RELEASE.jar;D:\maven\mavenReposiry\org\springframework\spring-core\4.0.7.RELEASE\spring-core-4.0.7.RELEASE.jar;D:\maven\mavenReposiry\org\thymeleaf\thymeleaf-spring4\2.1.3.RELEASE\thymeleaf-spring4-2.1.3.RELEASE.jar;D:\maven\mavenReposiry\org\thymeleaf\thymeleaf\2.1.3.RELEASE\thymeleaf-2.1.3.RELEASE.jar;D:\maven\mavenReposiry\ognl\ognl\3.0.6\ognl-3.0.6.jar;D:\maven\mavenReposiry\org\unbescape\unbescape\1.0\unbescape-1.0.jar;D:\maven\mavenReposiry\nz\net\ultraq\thymeleaf\thymeleaf-layout-dialect\1.2.5\thymeleaf-layout-dialect-1.2.5.jar;D:\maven\mavenReposiry\org\springframework\boot\spring-boot-starter-web\1.1.6.RELEASE\spring-boot-starter-web-1.1.6.RELEASE.jar;D:\maven\mavenReposiry\org\springframework\boot\spring-boot-starter-tomcat\1.1.6.RELEASE\spring-boot-starter-tomcat-1.1.6.RELEASE.jar;D:\maven\mavenReposiry\org\apache\tomcat\embed\tomcat-embed-core\7.0.55\tomcat-embed-core-7.0.55.jar;D:\maven\mavenReposiry\org\apache\tomcat\embed\tomcat-embed-el\7.0.55\tomcat-embed-el-7.0.55.jar;D:\maven\mavenReposiry\org\apache\tomcat\embed\tomcat-embed-logging-juli\7.0.55\tomcat-embed-logging-juli-7.0.55.jar;D:\maven\mavenReposiry\com\fasterxml\jackson\core\jackson-databind\2.5.1\jackson-databind-2.5.1.jar;D:\maven\mavenReposiry\com\fasterxml\jackson\core\jackson-annotations\2.5.1\jackson-annotations-2.5.1.jar;D:\maven\mavenReposiry\org\hibernate\hibernate-validator\5.0.3.Final\hibernate-validator-5.0.3.Final.jar;D:\maven\mavenReposiry\javax\validation\validation-api\1.1.0.Final\validation-api-1.1.0.Final.jar;D:\maven\mavenReposiry\org\jboss\logging\jboss-logging\3.1.1.GA\jboss-logging-3.1.1.GA.jar;D:\maven\mavenReposiry\com\fasterxml\classmate\1.0.0\classmate-1.0.0.jar;D:\maven\mavenReposiry\org\springframework\spring-web\4.0.7.RELEASE\spring-web-4.0.7.RELEASE.jar;D:\maven\m
Launcher Type: SUN_STANDARD

Environment Variables:
JAVA_HOME=C:\Program Files\Java\jdk1.8.0_66
CLASSPATH=C:\Program Files\Java\jdk1.8.0_66\lib\tools.jar;C:\Program Files\Java\jdk1.8.0_66\lib\dt.jar;C:\Program Files\Java\jdk1.8.0_66\bin;
PATH=C:/Program Files/Java/jre1.8.0_66/bin/server;C:/Program Files/Java/jre1.8.0_66/bin;C:/Program Files/Java/jre1.8.0_66/lib/amd64;C:\ProgramData\Oracle\Java\javapath;C:\WINDOWS\system32;C:\WINDOWS;C:\WINDOWS\System32\Wbem;C:\WINDOWS\System32\WindowsPowerShell\v1.0\;D:\work_tools\TotoiseSVN\bin;D:\work_tools\ffmpeg-20180411-9825f77-win64-shared\bin;D:\work_tools\MinGW-64\mingw32\bin;D:\work_tools\cmake-3.11.0-win64-x64\bin;C:\Program Files\Java\jdk1.8.0_66\bin;C:\Program Files\dotnet\;C:\Program Files\Java\jdk1.8.0_66\jre\bin;C:\Users\thinkpad\AppData\Local\Microsoft\WindowsApps;;D:\work_tools\eclipse_64;
USERNAME=thinkpad
OS=Windows_NT
PROCESSOR_IDENTIFIER=Intel64 Family 6 Model 69 Stepping 1, GenuineIntel



---------------  S Y S T E M  ---------------

OS: Windows 10.0 , 64 bit Build 16299 (10.0.16299.15)

CPU:total 4 (2 cores per cpu, 2 threads per core) family 6 model 69 stepping 1, cmov, cx8, fxsr, mmx, sse, sse2, sse3, ssse3, sse4.1, sse4.2, popcnt, avx, avx2, aes, clmul, erms, lzcnt, ht, tsc, tscinvbit, bmi1, bmi2

Memory: 4k page, physical 8264508k(3592888k free), swap 10033980k(3457600k free)

vm_info: Java HotSpot(TM) 64-Bit Server VM (25.66-b18) for windows-amd64 JRE (1.8.0_66-b18), built on Nov  9 2015 10:51:13 by "java_re" with MS VC++ 10.0 (VS2010)

time: Mon Apr 23 18:33:57 2018
elapsed time: 32 seconds (0d 0h 0m 32s)

